Started GET "/" for ::1 at 2022-08-21 02:16:36 -0400
Processing by Rails::WelcomeController#index as HTML
  Rendering /home/abhigyan/.rvm/gems/ruby-2.6.3/gems/railties-5.2.8.1/lib/rails/templates/rails/welcome/index.html.erb
  Rendered /home/abhigyan/.rvm/gems/ruby-2.6.3/gems/railties-5.2.8.1/lib/rails/templates/rails/welcome/index.html.erb (2.9ms)
Completed 200 OK in 17ms (Views: 11.0ms | ActiveRecord: 0.0ms)


Started GET "/" for ::1 at 2022-08-21 02:18:21 -0400
Processing by Rails::WelcomeController#index as HTML
  Rendering /home/abhigyan/.rvm/gems/ruby-2.6.3/gems/railties-5.2.8.1/lib/rails/templates/rails/welcome/index.html.erb
  Rendered /home/abhigyan/.rvm/gems/ruby-2.6.3/gems/railties-5.2.8.1/lib/rails/templates/rails/welcome/index.html.erb (2.1ms)
Completed 200 OK in 4ms (Views: 2.9ms | ActiveRecord: 0.0ms)


Started GET "/" for ::1 at 2022-08-21 02:18:24 -0400
Processing by Rails::WelcomeController#index as HTML
  Rendering /home/abhigyan/.rvm/gems/ruby-2.6.3/gems/railties-5.2.8.1/lib/rails/templates/rails/welcome/index.html.erb
  Rendered /home/abhigyan/.rvm/gems/ruby-2.6.3/gems/railties-5.2.8.1/lib/rails/templates/rails/welcome/index.html.erb (4.2ms)
Completed 200 OK in 24ms (Views: 5.4ms | ActiveRecord: 0.0ms)


Started GET "/" for ::1 at 2022-08-21 02:18:26 -0400
Processing by Rails::WelcomeController#index as HTML
  Rendering /home/abhigyan/.rvm/gems/ruby-2.6.3/gems/railties-5.2.8.1/lib/rails/templates/rails/welcome/index.html.erb
  Rendered /home/abhigyan/.rvm/gems/ruby-2.6.3/gems/railties-5.2.8.1/lib/rails/templates/rails/welcome/index.html.erb (6.3ms)
Completed 200 OK in 12ms (Views: 8.4ms | ActiveRecord: 0.0ms)


Started GET "/" for ::1 at 2022-08-21 02:20:30 -0400
Processing by PostsController#index as HTML
  Rendering posts/index.html.erb within layouts/application
  Rendered posts/index.html.erb within layouts/application (1.0ms)
Completed 200 OK in 470ms (Views: 466.4ms | ActiveRecord: 0.0ms)


Started GET "/" for ::1 at 2022-08-21 03:07:16 -0400
Processing by PostsController#index as HTML
  Rendering posts/index.html.erb within layouts/application
  Rendered posts/index.html.erb within layouts/application (0.3ms)
Started GET "/" for ::1 at 2022-08-21 03:07:16 -0400
Processing by PostsController#index as HTML
  Rendering posts/index.html.erb within layouts/application
  Rendered posts/index.html.erb within layouts/application (0.4ms)
Completed 200 OK in 120ms (Views: 112.5ms | ActiveRecord: 0.0ms)


Completed 200 OK in 45ms (Views: 43.9ms | ActiveRecord: 0.0ms)


Started GET "/" for ::1 at 2022-08-21 03:07:38 -0400
Processing by PostsController#index as HTML
  Rendering posts/index.html.erb within layouts/application
  Rendered posts/index.html.erb within layouts/application (0.5ms)
Completed 200 OK in 20ms (Views: 18.9ms | ActiveRecord: 0.0ms)


Started GET "/" for ::1 at 2022-08-21 03:07:39 -0400
Processing by PostsController#index as HTML
  Rendering posts/index.html.erb within layouts/application
  Rendered posts/index.html.erb within layouts/application (0.5ms)
Completed 200 OK in 23ms (Views: 21.0ms | ActiveRecord: 0.0ms)


Started GET "/" for ::1 at 2022-08-21 03:07:48 -0400
Processing by PostsController#index as HTML
  Rendering posts/index.html.erb within layouts/application
  Rendered posts/index.html.erb within layouts/application (0.5ms)
Completed 200 OK in 24ms (Views: 21.8ms | ActiveRecord: 0.0ms)


Started GET "/" for ::1 at 2022-08-25 04:00:16 -0400
Processing by PostsController#index as HTML
  Rendering posts/index.html.erb within layouts/application
  Rendered posts/index.html.erb within layouts/application (1.1ms)
Completed 200 OK in 282ms (Views: 275.2ms | ActiveRecord: 0.0ms)


Started GET "/" for ::1 at 2022-08-25 04:00:57 -0400
Processing by PostsController#index as HTML
  Rendering posts/index.html.erb within layouts/application
  Rendered posts/index.html.erb within layouts/application (0.3ms)
Completed 200 OK in 17ms (Views: 16.5ms | ActiveRecord: 0.0ms)


Started GET "/" for ::1 at 2022-08-25 04:36:00 -0400
Processing by PostsController#index as HTML
  Rendering posts/index.html.erb within layouts/application
  Rendered posts/index.html.erb within layouts/application (0.3ms)
Completed 200 OK in 16ms (Views: 15.5ms | ActiveRecord: 0.0ms)


Started GET "/" for ::1 at 2022-08-25 04:36:12 -0400
Processing by PostsController#index as HTML
  Rendering posts/index.html.erb within layouts/application
  Rendered posts/index.html.erb within layouts/application (0.3ms)
Completed 200 OK in 18ms (Views: 16.8ms | ActiveRecord: 0.0ms)


Started GET "/" for ::1 at 2022-08-25 05:36:21 -0400
Processing by PostsController#index as HTML
  Rendering posts/index.html.erb within layouts/application
  Rendered posts/index.html.erb within layouts/application (0.3ms)
Completed 200 OK in 17ms (Views: 15.8ms | ActiveRecord: 0.0ms)


Started GET "/" for ::1 at 2022-08-25 05:37:40 -0400
Processing by PostsController#index as HTML
  Rendering posts/index.html.erb within layouts/application
  Rendered posts/index.html.erb within layouts/application (0.3ms)
Completed 200 OK in 16ms (Views: 15.0ms | ActiveRecord: 0.0ms)


Started GET "/" for ::1 at 2022-08-25 05:38:27 -0400
Processing by PostsController#index as HTML
  Rendering posts/index.html.erb within layouts/application
  Rendered posts/index.html.erb within layouts/application (0.3ms)
Completed 200 OK in 37ms (Views: 36.0ms | ActiveRecord: 0.0ms)


Started GET "/" for ::1 at 2022-08-25 05:38:45 -0400
Processing by PostsController#index as HTML
  Rendering posts/index.html.erb within layouts/application
  Rendered posts/index.html.erb within layouts/application (0.3ms)
Completed 200 OK in 17ms (Views: 16.7ms | ActiveRecord: 0.0ms)


Started GET "/" for ::1 at 2022-08-25 05:39:10 -0400
Processing by PostsController#index as HTML
  Rendering posts/index.html.erb within layouts/application
  Rendered posts/index.html.erb within layouts/application (0.3ms)
Completed 200 OK in 14ms (Views: 13.3ms | ActiveRecord: 0.0ms)


